#
# There is insufficient memory for the Java Runtime Environment to continue.
# Native memory allocation (mmap) failed to map 134217728 bytes for G1 virtual space
# Possible reasons:
#   The system is out of physical RAM or swap space
#   The process is running with CompressedOops enabled, and the Java Heap may be blocking the growth of the native heap
# Possible solutions:
#   Reduce memory load on the system
#   Increase physical memory or swap space
#   Check if swap backing store is full
#   Decrease Java heap size (-Xmx/-Xms)
#   Decrease number of Java threads
#   Decrease Java thread stack sizes (-Xss)
#   Set larger code cache with -XX:ReservedCodeCacheSize=
#   JVM is running with Unscaled Compressed Oops mode in which the Java heap is
#     placed in the first 4GB address space. The Java Heap base address is the
#     maximum limit for the native heap growth. Please use -XX:HeapBaseMinAddress
#     to set the Java Heap base and to place the Java Heap above 4GB virtual address.
# This output file may be truncated or incomplete.
#
#  Out of Memory Error (os_windows.cpp:3535), pid=12824, tid=30796
#
# JRE version:  (17.0.4+11) (build )
# Java VM: Java HotSpot(TM) 64-Bit Server VM (17.0.4+11-LTS-179, mixed mode, sharing, tiered, compressed oops, compressed class ptrs, g1 gc, windows-amd64)
# No core dump will be written. Minidumps are not enabled by default on client versions of Windows
#

---------------  S U M M A R Y ------------

Command Line: -Dfile.encoding=UTF-8 -Djava.security.policy=applet.policy --module-path=C:\Users\Administrator\Documents\NetBeansProjects\testlaikienthuc\build\classes view.hoadonview

Host: Intel(R) Core(TM) i7-4810MQ CPU @ 2.80GHz, 8 cores, 7G,  Windows 10 , 64 bit Build 19041 (10.0.19041.1806)
Time: Mon Oct 17 10:01:10 2022 Pacific Daylight Time elapsed time: 0.010197 seconds (0d 0h 0m 0s)

---------------  T H R E A D  ---------------

Current thread (0x000001b29ae7ac00):  JavaThread "Unknown thread" [_thread_in_vm, id=30796, stack(0x0000009a81e00000,0x0000009a81f00000)]

Stack: [0x0000009a81e00000,0x0000009a81f00000]
Native frames: (J=compiled Java code, j=interpreted, Vv=VM code, C=native code)
V  [jvm.dll+0x6723da]
V  [jvm.dll+0x7d1f74]
V  [jvm.dll+0x7d371e]
V  [jvm.dll+0x7d3d83]
V  [jvm.dll+0x242ed5]
V  [jvm.dll+0x66f2f9]
V  [jvm.dll+0x663c42]
V  [jvm.dll+0x30103b]
V  [jvm.dll+0x3085d6]
V  [jvm.dll+0x35844e]
V  [jvm.dll+0x35867f]
V  [jvm.dll+0x2d8258]
V  [jvm.dll+0x2d91c4]
V  [jvm.dll+0x7a3a51]
V  [jvm.dll+0x3662a1]
V  [jvm.dll+0x782dcc]
V  [jvm.dll+0x3e8bff]
V  [jvm.dll+0x3ea6a1]
C  [jli.dll+0x527b]
C  [ucrtbase.dll+0x21bb2]
C  [KERNEL32.DLL+0x17034]
C  [ntdll.dll+0x52651]


---------------  P R O C E S S  ---------------

Threads class SMR info:
_java_thread_list=0x00007ffec843a858, length=0, elements={
}

Java Threads: ( => current thread )

Other Threads:
  0x000001b29aed6500 GCTaskThread "GC Thread#0" [stack: 0x0000009a81f00000,0x0000009a82000000] [id=12872]
  0x000001b29aee94b0 ConcurrentGCThread "G1 Main Marker" [stack: 0x0000009a82000000,0x0000009a82100000] [id=27952]
  0x000001b29aee9dd0 ConcurrentGCThread "G1 Conc#0" [stack: 0x0000009a82100000,0x0000009a82200000] [id=2076]

[error occurred during error reporting (printing all threads), id 0xc0000005, EXCEPTION_ACCESS_VIOLATION (0xc0000005) at pc=0x00007ffec7c88c47]

VM state: not at safepoint (not fully initialized)

VM Mutex/Monitor currently owned by a thread:  ([mutex/lock_event])
[0x000001b29ae77cb0] Heap_lock - owner thread: 0x000001b29ae7ac00

Heap address: 0x0000000081600000, size: 2026 MB, Compressed Oops mode: 32-bit

CDS archive(s) mapped at: [0x0000000000000000-0x0000000000000000-0x0000000000000000), size 0, SharedBaseAddress: 0x0000000800000000, ArchiveRelocationMode: 0.
Narrow klass base: 0x0000000000000000, Narrow klass shift: 0, Narrow klass range: 0x0

GC Precious Log:
<Empty>

Heap:
 garbage-first heap   total 0K, used 0K [0x0000000081600000, 0x0000000100000000)
  region size 1024K, 0 young (0K), 0 survivors (0K)

[error occurred during error reporting (printing heap information), id 0xc0000005, EXCEPTION_ACCESS_VIOLATION (0xc0000005) at pc=0x00007ffec806b889]

GC Heap History (0 events):
No events

Deoptimization events (0 events):
No events

Classes unloaded (0 events):
No events

Classes redefined (0 events):
No events

Internal exceptions (0 events):
No events

VM Operations (0 events):
No events

Events (1 events):
Event: 0.007 Loaded shared library C:\Program Files\Java\jdk-17.0.4\bin\java.dll


Dynamic libraries:
0x00007ff647cf0000 - 0x00007ff647d00000 	C:\Program Files\Java\jdk-17.0.4\bin\java.exe
0x00007fff21550000 - 0x00007fff21748000 	C:\WINDOWS\SYSTEM32\ntdll.dll
0x00007fff211a0000 - 0x00007fff2125d000 	C:\WINDOWS\System32\KERNEL32.DLL
0x00007fff1ee80000 - 0x00007fff1f14e000 	C:\WINDOWS\System32\KERNELBASE.dll
0x00007fff1f2c0000 - 0x00007fff1f3c0000 	C:\WINDOWS\System32\ucrtbase.dll
0x00007fff18b30000 - 0x00007fff18b48000 	C:\Program Files\Java\jdk-17.0.4\bin\jli.dll
0x00007fff1a880000 - 0x00007fff1a89a000 	C:\Program Files\Java\jdk-17.0.4\bin\VCRUNTIME140.dll
0x00007fff1f730000 - 0x00007fff1f7de000 	C:\WINDOWS\System32\ADVAPI32.dll
0x00007fff21260000 - 0x00007fff212fe000 	C:\WINDOWS\System32\msvcrt.dll
0x00007fff1f610000 - 0x00007fff1f6ac000 	C:\WINDOWS\System32\sechost.dll
0x00007fff204c0000 - 0x00007fff205e5000 	C:\WINDOWS\System32\RPCRT4.dll
0x00007fff205f0000 - 0x00007fff20790000 	C:\WINDOWS\System32\USER32.dll
0x00007fff1f150000 - 0x00007fff1f172000 	C:\WINDOWS\System32\win32u.dll
0x00007ffefd8c0000 - 0x00007ffefdb5a000 	C:\WINDOWS\WinSxS\amd64_microsoft.windows.common-controls_6595b64144ccf1df_6.0.19041.1110_none_60b5254171f9507e\COMCTL32.dll
0x00007fff21390000 - 0x00007fff213ba000 	C:\WINDOWS\System32\GDI32.dll
0x00007fff1f180000 - 0x00007fff1f28b000 	C:\WINDOWS\System32\gdi32full.dll
0x00007fff1ed20000 - 0x00007fff1edbd000 	C:\WINDOWS\System32\msvcp_win.dll
0x00007fff0cde0000 - 0x00007fff0cdea000 	C:\WINDOWS\SYSTEM32\VERSION.dll
0x00007fff214e0000 - 0x00007fff21510000 	C:\WINDOWS\System32\IMM32.DLL
0x00007fff1a900000 - 0x00007fff1a90c000 	C:\Program Files\Java\jdk-17.0.4\bin\vcruntime140_1.dll
0x00007ffefcc80000 - 0x00007ffefcd0d000 	C:\Program Files\Java\jdk-17.0.4\bin\msvcp140.dll
0x00007ffec79a0000 - 0x00007ffec8562000 	C:\Program Files\Java\jdk-17.0.4\bin\server\jvm.dll
0x00007fff1f7e0000 - 0x00007fff1f7e8000 	C:\WINDOWS\System32\PSAPI.DLL
0x00007fff1a9b0000 - 0x00007fff1a9b9000 	C:\WINDOWS\SYSTEM32\WSOCK32.dll
0x00007fff20c40000 - 0x00007fff20cab000 	C:\WINDOWS\System32\WS2_32.dll
0x00007fff10970000 - 0x00007fff10997000 	C:\WINDOWS\SYSTEM32\WINMM.dll
0x00007fff1d500000 - 0x00007fff1d512000 	C:\WINDOWS\SYSTEM32\kernel.appcore.dll
0x00007fff18ad0000 - 0x00007fff18ada000 	C:\Program Files\Java\jdk-17.0.4\bin\jimage.dll
0x00007fff0df60000 - 0x00007fff0e144000 	C:\WINDOWS\SYSTEM32\DBGHELP.DLL
0x00007fff0cdf0000 - 0x00007fff0ce1c000 	C:\WINDOWS\SYSTEM32\dbgcore.DLL
0x00007fff1f3c0000 - 0x00007fff1f442000 	C:\WINDOWS\System32\bcryptPrimitives.dll
0x00007fff18b00000 - 0x00007fff18b25000 	C:\Program Files\Java\jdk-17.0.4\bin\java.dll

dbghelp: loaded successfully - version: 4.0.5 - missing functions: none
symbol engine: initialized successfully - sym options: 0x614 - pdb path: .;C:\Program Files\Java\jdk-17.0.4\bin;C:\WINDOWS\SYSTEM32;C:\WINDOWS\WinSxS\amd64_microsoft.windows.common-controls_6595b64144ccf1df_6.0.19041.1110_none_60b5254171f9507e;C:\Program Files\Java\jdk-17.0.4\bin\server

VM Arguments:
jvm_args: -Dfile.encoding=UTF-8 -Djava.security.policy=applet.policy --module-path=C:\Users\Administrator\Documents\NetBeansProjects\testlaikienthuc\build\classes 
java_command: view.hoadonview
java_class_path (initial): C:\Users\Administrator\Videos\sqljdbc_10.2\enu\mssql-jdbc-10.2.1.jre17.jar;C:\Users\Administrator\Documents\NetBeansProjects\testlaikienthuc\build\classes
Launcher Type: SUN_STANDARD

[Global flags]
     intx CICompilerCount                          = 4                                         {product} {ergonomic}
     uint ConcGCThreads                            = 2                                         {product} {ergonomic}
     uint G1ConcRefinementThreads                  = 8                                         {product} {ergonomic}
   size_t G1HeapRegionSize                         = 1048576                                   {product} {ergonomic}
    uintx GCDrainStackTargetSize                   = 64                                        {product} {ergonomic}
   size_t InitialHeapSize                          = 134217728                                 {product} {ergonomic}
   size_t MarkStackSize                            = 4194304                                   {product} {ergonomic}
   size_t MaxHeapSize                              = 2124414976                                {product} {ergonomic}
   size_t MinHeapDeltaBytes                        = 1048576                                   {product} {ergonomic}
   size_t MinHeapSize                              = 8388608                                   {product} {ergonomic}
    uintx NonNMethodCodeHeapSize                   = 5839372                                {pd product} {ergonomic}
    uintx NonProfiledCodeHeapSize                  = 122909434                              {pd product} {ergonomic}
    uintx ProfiledCodeHeapSize                     = 122909434                              {pd product} {ergonomic}
    uintx ReservedCodeCacheSize                    = 251658240                              {pd product} {ergonomic}
     bool SegmentedCodeCache                       = true                                      {product} {ergonomic}
   size_t SoftMaxHeapSize                          = 2124414976                             {manageable} {ergonomic}
     bool UseCompressedClassPointers               = true                           {product lp64_product} {ergonomic}
     bool UseCompressedOops                        = true                           {product lp64_product} {ergonomic}
     bool UseG1GC                                  = true                                      {product} {ergonomic}
     bool UseLargePagesIndividualAllocation        = false                                  {pd product} {ergonomic}

Logging:
Log output configuration:
 #0: stdout all=warning uptime,level,tags
 #1: stderr all=off uptime,level,tags

Environment Variables:
PATH=C:\Program Files\Common Files\Oracle\Java\javapath;C:\WINDOWS\system32;C:\WINDOWS;C:\WINDOWS\System32\Wbem;C:\WINDOWS\System32\WindowsPowerShell\v1.0\;C:\WINDOWS\System32\OpenSSH\;C:\Program Files\Microsoft SQL Server\Client SDK\ODBC\170\Tools\Binn\;C:\Program Files (x86)\Microsoft SQL Server\150\Tools\Binn\;C:\Program Files\Microsoft SQL Server\150\Tools\Binn\;C:\Program Files\Microsoft SQL Server\150\DTS\Binn\;C:\Program Files (x86)\Microsoft SQL Server\150\DTS\Binn\;C:\Program Files\Azure Data Studio\bin;C:\Program Files\Cloudflare\Cloudflare WARP\;C:\Users\Administrator\AppData\Local\Microsoft\WindowsApps;;C:\Program Files\Azure Data Studio\bin;C:\Users\Administrator\AppData\Local\Programs\Microsoft VS Code\bin
USERNAME=Administrator
OS=Windows_NT
PROCESSOR_IDENTIFIER=Intel64 Family 6 Model 60 Stepping 3, GenuineIntel



---------------  S Y S T E M  ---------------

OS:
 Windows 10 , 64 bit Build 19041 (10.0.19041.1806)
OS uptime: 13 days 4:48 hours

CPU: total 8 (initial active 8) (4 cores per cpu, 2 threads per core) family 6 model 60 stepping 3 microcode 0x27, cx8, cmov, fxsr, ht, mmx, sse, sse2, sse3, ssse3, sse4.1, sse4.2, popcnt, lzcnt, tsc, tscinvbit, avx, avx2, aes, erms, clmul, bmi1, bmi2, fma, vzeroupper, clflush

Memory: 4k page, system-wide physical 8097M (652M free)
TotalPageFile size 27342M (AvailPageFile size 129M)
current process WorkingSet (physical memory assigned to process): 10M, peak: 10M
current process commit charge ("private bytes"): 60M, peak: 188M

vm_info: Java HotSpot(TM) 64-Bit Server VM (17.0.4+11-LTS-179) for windows-amd64 JRE (17.0.4+11-LTS-179), built on Jun 28 2022 08:23:05 by "mach5one" with MS VC++ 16.8 / 16.9 (VS2019)

END.
